CPU 0: [0-15,19,26,40,120-121,126,130,153,173-174,191-192,196,200,214] -> total of 31 IRQs
CPU 1: [0-15,19,26,40,120-121,126,130,154,173-174,191-192,196,201,214] -> total of 31 IRQs
CPU 2: [0-15,19,26,120-121,125,130,149,155,173,175,191-192,196,199,214] -> total of 31 IRQs
CPU 3: [0-15,19,26,120-121,125,130,149,156,173,175,191-192,196,198,214] -> total of 31 IRQs
CPU 4: [0-15,19,26,120-121,129-130,134,157,173,176,191-192,196,207,214] -> total of 31 IRQs
CPU 5: [0-15,19,26,120-121,129-130,134,158,173,176,191-192,196,206,214] -> total of 31 IRQs
CPU 6: [0-15,19,26-27,120-121,130,159,173,177,191-192,196,213-214] -> total of 30 IRQs
CPU 7: [0-15,19,26-27,120-121,130,160,173,177,191-192,196,212,214] -> total of 30 IRQs
CPU 8: [0-15,19,26,120-121,123-124,130,161,173,178,191-192,196,203,214] -> total of 31 IRQs
CPU 9: [0-15,19,26,120-121,123-124,130,152,162,173,179,191-192,196,202,214] -> total of 32 IRQs
CPU 10: [0-15,19,26,120-121,127,130,151,163,173,180,191-192,196,211,214] -> total of 31 IRQs
CPU 11: [0-15,19,26,120-121,127,130,164,173,181,191-192,196,210,214] -> total of 30 IRQs
CPU 12: [0-16,19,26,120-122,130,165,173,182,191-192,196,209,214] -> total of 31 IRQs
CPU 13: [0-16,19,26,120-122,130,166,173,183,190-192,196,214] -> total of 31 IRQs
CPU 14: [0-16,19,26,120-122,130,167,173,184,191-192,196,208,214] -> total of 31 IRQs
CPU 15: [0-16,19,26,120-122,130,168,173,185,191-192,196,214] -> total of 30 IRQs
CPU 16: [0-15,19,26,120-121,130-133,169,173,186,191-192,196-197,205,214] -> total of 33 IRQs
CPU 17: [0-15,19,26,120-121,130-133,170,173,187,191-192,196,214] -> total of 31 IRQs
CPU 18: [0-15,19,26,120-121,130-133,150,171,173,188,191-192,196,204,214] -> total of 33 IRQs
CPU 19: [0,2-7,10-11,13,15,130,172-173,189,192] -> total of 16 IRQs