CPU 0: [0-15,19,26,40,120-121,126,131,153,173,189-192,200,214] -> total of 31 IRQs
CPU 1: [0-15,19,26,40,120-121,126,131,154,173,189-192,201,214] -> total of 31 IRQs
CPU 2: [0-15,19,26,120-121,125,131,136,155,174,189-192,199,214] -> total of 31 IRQs
CPU 3: [0-15,19,26,120-121,125,131,136,156,174,189-192,198,214] -> total of 31 IRQs
CPU 4: [0-15,19,26,120-121,129,131,135,157,175,189-192,207,214] -> total of 31 IRQs
CPU 5: [0-15,19,26,120-121,129,131,135,158,175,189-192,206,214] -> total of 31 IRQs
CPU 6: [0-15,19,26-27,120-121,124,131,159,176,189-192,205,214] -> total of 31 IRQs
CPU 7: [0-15,19,26-27,120-121,124,131,152,160,176,189-192,204,212,214] -> total of 33 IRQs
CPU 8: [0-15,19,26,120-121,123,131-132,151,161,177,189-192,203,214] -> total of 32 IRQs
CPU 9: [0-15,19,26,120-121,123,131-132,162,178,189-192,202,213-214] -> total of 32 IRQs
CPU 10: [0-15,19,26,120-121,127,131,163,179,189-192,211,214] -> total of 30 IRQs
CPU 11: [0-15,19,26,120-121,127,131,164,180,189-192,210,214] -> total of 30 IRQs
CPU 12: [0-15,19,26,120-122,131,133,165,181,189-192,209,214] -> total of 31 IRQs
CPU 13: [0-15,19,26,120-122,131,166,182,189-192,214] -> total of 29 IRQs
CPU 14: [0-15,19,26,120-122,131,167,183,189-192,208,214] -> total of 30 IRQs
CPU 15: [0-15,19,26,120-122,131,168,184,189-192,214] -> total of 29 IRQs
CPU 16: [0-15,19,26,120-121,130-131,134,169,185,189-192,197,214] -> total of 31 IRQs
CPU 17: [0-16,19,26,120-121,130-131,134,170,186,189-192,214] -> total of 31 IRQs
CPU 18: [0-15,19,26,120-121,130-131,134,171,187,189-192,196,214] -> total of 31 IRQs
CPU 19: [2,172,188-189,192] -> total of 5 IRQs
