IRQ 0: [0,1,2,3,4,5,6,7,8,9,10,11,12,13,14,15,16,17,18] -> total of 19 CPUs
IRQ 1: [0,1,2,3,4,5,6,7,8,9,10,11,12,13,14,15,16,17,18] -> total of 19 CPUs
IRQ 2: [0,1,2,3,4,5,6,7,8,9,10,11,12,13,14,15,16,17,18,19] -> total of 20 CPUs
IRQ 3: [0,1,2,3,4,5,6,7,8,9,10,11,12,13,14,15,16,17,18] -> total of 19 CPUs
IRQ 4: [0,1,2,3,4,5,6,7,8,9,10,11,12,13,14,15,16,17,18] -> total of 19 CPUs
IRQ 5: [0,1,2,3,4,5,6,7,8,9,10,11,12,13,14,15,16,17,18] -> total of 19 CPUs
IRQ 6: [0,1,2,3,4,5,6,7,8,9,10,11,12,13,14,15,16,17,18] -> total of 19 CPUs
IRQ 7: [0,1,2,3,4,5,6,7,8,9,10,11,12,13,14,15,16,17,18] -> total of 19 CPUs
IRQ 8: [0,1,2,3,4,5,6,7,8,9,10,11,12,13,14,15,16,17,18] -> total of 19 CPUs
IRQ 9: [0,1,2,3,4,5,6,7,8,9,10,11,12,13,14,15,16,17,18] -> total of 19 CPUs
IRQ 10: [0,1,2,3,4,5,6,7,8,9,10,11,12,13,14,15,16,17,18] -> total of 19 CPUs
IRQ 11: [0,1,2,3,4,5,6,7,8,9,10,11,12,13,14,15,16,17,18] -> total of 19 CPUs
IRQ 12: [0,1,2,3,4,5,6,7,8,9,10,11,12,13,14,15,16,17,18] -> total of 19 CPUs
IRQ 13: [0,1,2,3,4,5,6,7,8,9,10,11,12,13,14,15,16,17,18] -> total of 19 CPUs
IRQ 14: [0,1,2,3,4,5,6,7,8,9,10,11,12,13,14,15,16,17,18] -> total of 19 CPUs
IRQ 15: [0,1,2,3,4,5,6,7,8,9,10,11,12,13,14,15,16,17,18] -> total of 19 CPUs
IRQ 16: [17] -> total of 1 CPUs
IRQ 19: [0,1,2,3,4,5,6,7,8,9,10,11,12,13,14,15,16,17,18] -> total of 19 CPUs
IRQ 26: [0,1,2,3,4,5,6,7,8,9,10,11,12,13,14,15,16,17,18] -> total of 19 CPUs
IRQ 27: [6,7] -> total of 2 CPUs
IRQ 40: [0,1] -> total of 2 CPUs
IRQ 120: [0,1,2,3,4,5,6,7,8,9,10,11,12,13,14,15,16,17,18] -> total of 19 CPUs
IRQ 121: [0,1,2,3,4,5,6,7,8,9,10,11,12,13,14,15,16,17,18] -> total of 19 CPUs
IRQ 122: [12,13,14,15] -> total of 4 CPUs
IRQ 123: [8,9] -> total of 2 CPUs
IRQ 124: [6,7] -> total of 2 CPUs
IRQ 125: [2,3] -> total of 2 CPUs
IRQ 126: [0,1] -> total of 2 CPUs
IRQ 127: [10,11] -> total of 2 CPUs
IRQ 129: [4,5] -> total of 2 CPUs
IRQ 130: [16,17,18] -> total of 3 CPUs
IRQ 131: [0,1,2,3,4,5,6,7,8,9,10,11,12,13,14,15,16,17,18] -> total of 19 CPUs
IRQ 132: [8,9] -> total of 2 CPUs
IRQ 133: [12] -> total of 1 CPUs
IRQ 134: [16,17,18] -> total of 3 CPUs
IRQ 135: [4,5] -> total of 2 CPUs
IRQ 136: [2,3] -> total of 2 CPUs
IRQ 151: [8] -> total of 1 CPUs
IRQ 152: [7] -> total of 1 CPUs
IRQ 153: [0] -> total of 1 CPUs
IRQ 154: [1] -> total of 1 CPUs
IRQ 155: [2] -> total of 1 CPUs
IRQ 156: [3] -> total of 1 CPUs
IRQ 157: [4] -> total of 1 CPUs
IRQ 158: [5] -> total of 1 CPUs
IRQ 159: [6] -> total of 1 CPUs
IRQ 160: [7] -> total of 1 CPUs
IRQ 161: [8] -> total of 1 CPUs
IRQ 162: [9] -> total of 1 CPUs
IRQ 163: [10] -> total of 1 CPUs
IRQ 164: [11] -> total of 1 CPUs
IRQ 165: [12] -> total of 1 CPUs
IRQ 166: [13] -> total of 1 CPUs
IRQ 167: [14] -> total of 1 CPUs
IRQ 168: [15] -> total of 1 CPUs
IRQ 169: [16] -> total of 1 CPUs
IRQ 170: [17] -> total of 1 CPUs
IRQ 171: [18] -> total of 1 CPUs
IRQ 172: [19] -> total of 1 CPUs
IRQ 173: [0,1] -> total of 2 CPUs
IRQ 174: [2,3] -> total of 2 CPUs
IRQ 175: [4,5] -> total of 2 CPUs
IRQ 176: [6,7] -> total of 2 CPUs
IRQ 177: [8] -> total of 1 CPUs
IRQ 178: [9] -> total of 1 CPUs
IRQ 179: [10] -> total of 1 CPUs
IRQ 180: [11] -> total of 1 CPUs
IRQ 181: [12] -> total of 1 CPUs
IRQ 182: [13] -> total of 1 CPUs
IRQ 183: [14] -> total of 1 CPUs
IRQ 184: [15] -> total of 1 CPUs
IRQ 185: [16] -> total of 1 CPUs
IRQ 186: [17] -> total of 1 CPUs
IRQ 187: [18] -> total of 1 CPUs
IRQ 188: [19] -> total of 1 CPUs
IRQ 189: [0,1,2,3,4,5,6,7,8,9,10,11,12,13,14,15,16,17,18,19] -> total of 20 CPUs
IRQ 190: [0,1,2,3,4,5,6,7,8,9,10,11,12,13,14,15,16,17,18] -> total of 19 CPUs
IRQ 191: [0,1,2,3,4,5,6,7,8,9,10,11,12,13,14,15,16,17,18] -> total of 19 CPUs
IRQ 192: [0,1,2,3,4,5,6,7,8,9,10,11,12,13,14,15,16,17,18,19] -> total of 20 CPUs
IRQ 196: [18] -> total of 1 CPUs
IRQ 197: [16] -> total of 1 CPUs
IRQ 198: [3] -> total of 1 CPUs
IRQ 199: [2] -> total of 1 CPUs
IRQ 200: [0] -> total of 1 CPUs
IRQ 201: [1] -> total of 1 CPUs
IRQ 202: [9] -> total of 1 CPUs
IRQ 203: [8] -> total of 1 CPUs
IRQ 204: [7] -> total of 1 CPUs
IRQ 205: [6] -> total of 1 CPUs
IRQ 206: [5] -> total of 1 CPUs
IRQ 207: [4] -> total of 1 CPUs
IRQ 208: [14] -> total of 1 CPUs
IRQ 209: [12] -> total of 1 CPUs
IRQ 210: [11] -> total of 1 CPUs
IRQ 211: [10] -> total of 1 CPUs
IRQ 212: [7] -> total of 1 CPUs
IRQ 213: [9] -> total of 1 CPUs
IRQ 214: [0,1,2,3,4,5,6,7,8,9,10,11,12,13,14,15,16,17,18] -> total of 19 CPUs
